[debug] [2026-04-27T04:03:06.625Z] ----------------------------------------------------------------------
[debug] [2026-04-27T04:03:06.627Z] Command:       C:\nvm4w\nodejs\node.exe C:\nvm4w\nodejs\node_modules\firebase-tools\lib\bin\firebase.js init
[debug] [2026-04-27T04:03:06.627Z] CLI Version:   15.15.0
[debug] [2026-04-27T04:03:06.627Z] Platform:      win32
[debug] [2026-04-27T04:03:06.627Z] Node Version:  v24.14.1
[debug] [2026-04-27T04:03:06.627Z] Time:          Sun Apr 26 2026 22:03:06 GMT-0600 (hora estándar central)
[debug] [2026-04-27T04:03:06.627Z] ----------------------------------------------------------------------
[debug] 
[info] 
     ######## #### ########  ######## ########     ###     ######  ########
     ##        ##  ##     ## ##       ##     ##  ##   ##  ##       ##
     ######    ##  ########  ######   ########  #########  ######  ######
     ##        ##  ##    ##  ##       ##     ## ##     ##       ## ##
     ##       #### ##     ## ######## ########  ##     ##  ######  ########

You're about to initialize a Firebase project in this directory:

  C:\Users\Marion Bustamante\Desktop\UNO\uno-cpanel

[info] 
=== Project Setup
[info] 
[info] First, let's associate this project directory with a Firebase project.
[info] You can create multiple project aliases by running firebase use --add, 
[info] 
[debug] [2026-04-27T04:03:24.859Z] > command requires scopes: ["email","openid","https://www.googleapis.com/auth/cloudplatformprojects.readonly","https://www.googleapis.com/auth/firebase","https://www.googleapis.com/auth/cloud-platform"]
[debug] [2026-04-27T04:03:24.859Z] > authorizing via signed-in user (mbustamante.mbc@gmail.com)
[debug] [2026-04-27T04:03:24.860Z] Checked if tokens are valid: true, expires at: 1777265836876
[debug] [2026-04-27T04:03:24.860Z] Checked if tokens are valid: true, expires at: 1777265836876
[debug] [2026-04-27T04:03:24.860Z] >>> [apiv2][query] GET https://firebase.googleapis.com/v1beta1/projects/uno-panel [none]
[debug] [2026-04-27T04:03:25.164Z] <<< [apiv2][status] GET https://firebase.googleapis.com/v1beta1/projects/uno-panel 200
[debug] [2026-04-27T04:03:25.164Z] <<< [apiv2][body] GET https://firebase.googleapis.com/v1beta1/projects/uno-panel {"projectId":"uno-panel","projectNumber":"573624273258","displayName":"uno-panel","name":"projects/uno-panel","resources":{"hostingSite":"uno-panel"},"state":"ACTIVE","etag":"1_d6fabed1-df24-4d9e-b6dc-75d65b93a6d4"}
[info] i  Using project uno-panel (uno-panel) . 
[info] 
=== Firestore Setup
[info] i  firestore: ensuring required API firestore.googleapis.com is enabled... 
[debug] [2026-04-27T04:03:25.181Z] Checked if tokens are valid: true, expires at: 1777265836876
[debug] [2026-04-27T04:03:25.181Z] Checked if tokens are valid: true, expires at: 1777265836876
[debug] [2026-04-27T04:03:25.181Z] >>> [apiv2][query] GET https://firestore.googleapis.com/v1/projects/uno-panel/databases [none]
[debug] [2026-04-27T04:03:25.746Z] <<< [apiv2][status] GET https://firestore.googleapis.com/v1/projects/uno-panel/databases 200
[debug] [2026-04-27T04:03:25.746Z] <<< [apiv2][body] GET https://firestore.googleapis.com/v1/projects/uno-panel/databases {}
[debug] [2026-04-27T04:03:25.746Z] Checked if tokens are valid: true, expires at: 1777265836876
[debug] [2026-04-27T04:03:25.746Z] Checked if tokens are valid: true, expires at: 1777265836876
[debug] [2026-04-27T04:03:25.746Z] >>> [apiv2][query] GET https://firestore.googleapis.com/v1/projects/uno-panel/locations [none]
[debug] [2026-04-27T04:03:25.894Z] <<< [apiv2][status] GET https://firestore.googleapis.com/v1/projects/uno-panel/locations 200
[debug] [2026-04-27T04:03:25.894Z] <<< [apiv2][body] GET https://firestore.googleapis.com/v1/projects/uno-panel/locations {"locations":[{"name":"projects/uno-panel/locations/eur3","labels":{"appengine.googleapis.com/geo":"europe-west","cloud.googleapis.com/location":"eur3","cloud.googleapis.com/geo":"eur3"},"metadata":{"@type":"type.googleapis.com/google.firestore.admin.v1.LocationMetadata"},"locationId":"eur3","displayName":"Europe"},{"name":"projects/uno-panel/locations/nam5","labels":{"appengine.googleapis.com/geo":"us-central","cloud.googleapis.com/location":"nam5","cloud.googleapis.com/geo":"nam5"},"metadata":{"@type":"type.googleapis.com/google.firestore.admin.v1.LocationMetadata"},"locationId":"nam5","displayName":"United States"},{"name":"projects/uno-panel/locations/nam7","labels":{"cloud.googleapis.com/location":"nam7","cloud.googleapis.com/geo":"nam7"},"metadata":{"@type":"type.googleapis.com/google.firestore.admin.v1.LocationMetadata"},"locationId":"nam7","displayName":"United States"},{"name":"projects/uno-panel/locations/africa-south1","labels":{"cloud.googleapis.com/location":"africa-south1","cloud.googleapis.com/region":"africa-south1"},"metadata":{"@type":"type.googleapis.com/google.firestore.admin.v1.LocationMetadata"},"locationId":"africa-south1","displayName":"Johannesburg"},{"name":"projects/uno-panel/locations/asia-east1","labels":{"appengine.googleapis.com/region":"asia-east1","cloud.googleapis.com/location":"asia-east1","cloud.googleapis.com/region":"asia-east1"},"metadata":{"@type":"type.googleapis.com/google.firestore.admin.v1.LocationMetadata"},"locationId":"asia-east1","displayName":"Taiwan"},{"name":"projects/uno-panel/locations/asia-east2","labels":{"appengine.googleapis.com/region":"asia-east2","cloud.googleapis.com/location":"asia-east2","cloud.googleapis.com/region":"asia-east2"},"metadata":{"@type":"type.googleapis.com/google.firestore.admin.v1.LocationMetadata"},"locationId":"asia-east2","displayName":"Hong Kong"},{"name":"projects/uno-panel/locations/asia-northeast1","labels":{"appengine.googleapis.com/region":"asia-northeast1","cloud.googleapis.com/location":"asia-northeast1","cloud.googleapis.com/region":"asia-northeast1"},"metadata":{"@type":"type.googleapis.com/google.firestore.admin.v1.LocationMetadata"},"locationId":"asia-northeast1","displayName":"Tokyo"},{"name":"projects/uno-panel/locations/asia-northeast2","labels":{"appengine.googleapis.com/region":"asia-northeast2","cloud.googleapis.com/location":"asia-northeast2","cloud.googleapis.com/region":"asia-northeast2"},"metadata":{"@type":"type.googleapis.com/google.firestore.admin.v1.LocationMetadata"},"locationId":"asia-northeast2","displayName":"Osaka"},{"name":"projects/uno-panel/locations/asia-northeast3","labels":{"appengine.googleapis.com/region":"asia-northeast3","cloud.googleapis.com/location":"asia-northeast3","cloud.googleapis.com/region":"asia-northeast3"},"metadata":{"@type":"type.googleapis.com/google.firestore.admin.v1.LocationMetadata"},"locationId":"asia-northeast3","displayName":"Seoul"},{"name":"projects/uno-panel/locations/asia-south1","labels":{"appengine.googleapis.com/region":"asia-south1","cloud.googleapis.com/location":"asia-south1","cloud.googleapis.com/region":"asia-south1"},"metadata":{"@type":"type.googleapis.com/google.firestore.admin.v1.LocationMetadata"},"locationId":"asia-south1","displayName":"Mumbai"},{"name":"projects/uno-panel/locations/asia-south2","labels":{"cloud.googleapis.com/location":"asia-south2","cloud.googleapis.com/region":"asia-south2"},"metadata":{"@type":"type.googleapis.com/google.firestore.admin.v1.LocationMetadata"},"locationId":"asia-south2","displayName":"Delhi"},{"name":"projects/uno-panel/locations/asia-southeast1","labels":{"appengine.googleapis.com/region":"asia-southeast1","cloud.googleapis.com/location":"asia-southeast1","cloud.googleapis.com/region":"asia-southeast1"},"metadata":{"@type":"type.googleapis.com/google.firestore.admin.v1.LocationMetadata"},"locationId":"asia-southeast1","displayName":"Singapore"},{"name":"projects/uno-panel/locations/asia-southeast2","labels":{"appengine.googleapis.com/region":"asia-southeast2","cloud.googleapis.com/location":"asia-southeast2","cloud.googleapis.com/region":"asia-southeast2"},"metadata":{"@type":"type.googleapis.com/google.firestore.admin.v1.LocationMetadata"},"locationId":"asia-southeast2","displayName":"Jakarta"},{"name":"projects/uno-panel/locations/asia-southeast3","labels":{"cloud.googleapis.com/location":"asia-southeast3","cloud.googleapis.com/region":"asia-southeast3"},"metadata":{"@type":"type.googleapis.com/google.firestore.admin.v1.LocationMetadata"},"locationId":"asia-southeast3","displayName":"Bangkok"},{"name":"projects/uno-panel/locations/australia-southeast1","labels":{"appengine.googleapis.com/region":"australia-southeast1","cloud.googleapis.com/location":"australia-southeast1","cloud.googleapis.com/region":"australia-southeast1"},"metadata":{"@type":"type.googleapis.com/google.firestore.admin.v1.LocationMetadata"},"locationId":"australia-southeast1","displayName":"Sydney"},{"name":"projects/uno-panel/locations/australia-southeast2","labels":{"cloud.googleapis.com/location":"australia-southeast2","cloud.googleapis.com/region":"australia-southeast2"},"metadata":{"@type":"type.googleapis.com/google.firestore.admin.v1.LocationMetadata"},"locationId":"australia-southeast2","displayName":"Melbourne"},{"name":"projects/uno-panel/locations/europe-central2","labels":{"appengine.googleapis.com/region":"europe-central2","cloud.googleapis.com/location":"europe-central2","cloud.googleapis.com/region":"europe-central2"},"metadata":{"@type":"type.googleapis.com/google.firestore.admin.v1.LocationMetadata"},"locationId":"europe-central2","displayName":"Warsaw"},{"name":"projects/uno-panel/locations/europe-north1","labels":{"cloud.googleapis.com/location":"europe-north1","cloud.googleapis.com/region":"europe-north1"},"metadata":{"@type":"type.googleapis.com/google.firestore.admin.v1.LocationMetadata"},"locationId":"europe-north1","displayName":"Finland"},{"name":"projects/uno-panel/locations/europe-north2","labels":{"cloud.googleapis.com/location":"europe-north2","cloud.googleapis.com/region":"europe-north2"},"metadata":{"@type":"type.googleapis.com/google.firestore.admin.v1.LocationMetadata"},"locationId":"europe-north2","displayName":"Stockholm"},{"name":"projects/uno-panel/locations/europe-southwest1","labels":{"cloud.googleapis.com/location":"europe-southwest1","cloud.googleapis.com/region":"europe-southwest1"},"metadata":{"@type":"type.googleapis.com/google.firestore.admin.v1.LocationMetadata"},"locationId":"europe-southwest1","displayName":"Madrid"},{"name":"projects/uno-panel/locations/europe-west1","labels":{"cloud.googleapis.com/location":"europe-west1","cloud.googleapis.com/region":"europe-west1"},"metadata":{"@type":"type.googleapis.com/google.firestore.admin.v1.LocationMetadata"},"locationId":"europe-west1","displayName":"Belgium"},{"name":"projects/uno-panel/locations/europe-west10","labels":{"cloud.googleapis.com/location":"europe-west10","cloud.googleapis.com/region":"europe-west10"},"metadata":{"@type":"type.googleapis.com/google.firestore.admin.v1.LocationMetadata"},"locationId":"europe-west10","displayName":"Berlin"},{"name":"projects/uno-panel/locations/europe-west12","labels":{"cloud.googleapis.com/location":"europe-west12","cloud.googleapis.com/region":"europe-west12"},"metadata":{"@type":"type.googleapis.com/google.firestore.admin.v1.LocationMetadata"},"locationId":"europe-west12","displayName":"Turin"},{"name":"projects/uno-panel/locations/europe-west2","labels":{"appengine.googleapis.com/region":"europe-west2","cloud.googleapis.com/location":"europe-west2","cloud.googleapis.com/region":"europe-west2"},"metadata":{"@type":"type.googleapis.com/google.firestore.admin.v1.LocationMetadata"},"locationId":"europe-west2","displayName":"London"},{"name":"projects/uno-panel/locations/europe-west3","labels":{"appengine.googleapis.com/region":"europe-west3","cloud.googleapis.com/location":"europe-west3","cloud.googleapis.com/region":"europe-west3"},"metadata":{"@type":"type.googleapis.com/google.firestore.admin.v1.LocationMetadata"},"locationId":"europe-west3","displayName":"Frankfurt"},{"name":"projects/uno-panel/locations/europe-west4","labels":{"cloud.googleapis.com/location":"europe-west4","cloud.googleapis.com/region":"europe-west4"},"metadata":{"@type":"type.googleapis.com/google.firestore.admin.v1.LocationMetadata"},"locationId":"europe-west4","displayName":"Netherlands"},{"name":"projects/uno-panel/locations/europe-west6","labels":{"appengine.googleapis.com/region":"europe-west6","cloud.googleapis.com/location":"europe-west6","cloud.googleapis.com/region":"europe-west6"},"metadata":{"@type":"type.googleapis.com/google.firestore.admin.v1.LocationMetadata"},"locationId":"europe-west6","displayName":"Zurich"},{"name":"projects/uno-panel/locations/europe-west8","labels":{"cloud.googleapis.com/location":"europe-west8","cloud.googleapis.com/region":"europe-west8"},"metadata":{"@type":"type.googleapis.com/google.firestore.admin.v1.LocationMetadata"},"locationId":"europe-west8","displayName":"Milan"},{"name":"projects/uno-panel/locations/europe-west9","labels":{"cloud.googleapis.com/location":"europe-west9","cloud.googleapis.com/region":"europe-west9"},"metadata":{"@type":"type.googleapis.com/google.firestore.admin.v1.LocationMetadata"},"locationId":"europe-west9","displayName":"Paris"},{"name":"projects/uno-panel/locations/me-central1","labels":{"cloud.googleapis.com/location":"me-central1","cloud.googleapis.com/region":"me-central1"},"metadata":{"@type":"type.googleapis.com/google.firestore.admin.v1.LocationMetadata"},"locationId":"me-central1","displayName":"Doha"},{"name":"projects/uno-panel/locations/me-central2","labels":{"cloud.googleapis.com/location":"me-central2","cloud.googleapis.com/region":"me-central2"},"metadata":{"@type":"type.googleapis.com/google.firestore.admin.v1.LocationMetadata"},"locationId":"me-central2","displayName":"Dammam"},{"name":"projects/uno-panel/locations/me-west1","labels":{"cloud.googleapis.com/location":"me-west1","cloud.googleapis.com/region":"me-west1"},"metadata":{"@type":"type.googleapis.com/google.firestore.admin.v1.LocationMetadata"},"locationId":"me-west1","displayName":"Tel Aviv"},{"name":"projects/uno-panel/locations/northamerica-northeast1","labels":{"appengine.googleapis.com/region":"northamerica-northeast1","cloud.googleapis.com/location":"northamerica-northeast1","cloud.googleapis.com/region":"northamerica-northeast1"},"metadata":{"@type":"type.googleapis.com/google.firestore.admin.v1.LocationMetadata"},"locationId":"northamerica-northeast1","displayName":"Montréal"},{"name":"projects/uno-panel/locations/northamerica-northeast2","labels":{"cloud.googleapis.com/location":"northamerica-northeast2","cloud.googleapis.com/region":"northamerica-northeast2"},"metadata":{"@type":"type.googleapis.com/google.firestore.admin.v1.LocationMetadata"},"locationId":"northamerica-northeast2","displayName":"Toronto"},{"name":"projects/uno-panel/locations/northamerica-south1","labels":{"cloud.googleapis.com/location":"northamerica-south1","cloud.googleapis.com/region":"northamerica-south1"},"metadata":{"@type":"type.googleapis.com/google.firestore.admin.v1.LocationMetadata"},"locationId":"northamerica-south1","displayName":"Mexico"},{"name":"projects/uno-panel/locations/southamerica-east1","labels":{"appengine.googleapis.com/region":"southamerica-east1","cloud.googleapis.com/location":"southamerica-east1","cloud.googleapis.com/region":"southamerica-east1"},"metadata":{"@type":"type.googleapis.com/google.firestore.admin.v1.LocationMetadata"},"locationId":"southamerica-east1","displayName":"São Paulo"},{"name":"projects/uno-panel/locations/southamerica-west1","labels":{"cloud.googleapis.com/location":"southamerica-west1","cloud.googleapis.com/region":"southamerica-west1"},"metadata":{"@type":"type.googleapis.com/google.firestore.admin.v1.LocationMetadata"},"locationId":"southamerica-west1","displayName":"Santiago"},{"name":"projects/uno-panel/locations/us-central1","labels":{"cloud.googleapis.com/location":"us-central1","cloud.googleapis.com/region":"us-central1"},"metadata":{"@type":"type.googleapis.com/google.firestore.admin.v1.LocationMetadata"},"locationId":"us-central1","displayName":"Iowa"},{"name":"projects/uno-panel/locations/us-east1","labels":{"appengine.googleapis.com/region":"us-east1","cloud.googleapis.com/location":"us-east1","cloud.googleapis.com/region":"us-east1"},"metadata":{"@type":"type.googleapis.com/google.firestore.admin.v1.LocationMetadata"},"locationId":"us-east1","displayName":"South Carolina"},{"name":"projects/uno-panel/locations/us-east4","labels":{"appengine.googleapis.com/region":"us-east4","cloud.googleapis.com/location":"us-east4","cloud.googleapis.com/region":"us-east4"},"metadata":{"@type":"type.googleapis.com/google.firestore.admin.v1.LocationMetadata"},"locationId":"us-east4","displayName":"Northern Virginia"},{"name":"projects/uno-panel/locations/us-east5","labels":{"cloud.googleapis.com/location":"us-east5","cloud.googleapis.com/region":"us-east5"},"metadata":{"@type":"type.googleapis.com/google.firestore.admin.v1.LocationMetadata"},"locationId":"us-east5","displayName":"Columbus"},{"name":"projects/uno-panel/locations/us-south1","labels":{"cloud.googleapis.com/location":"us-south1","cloud.googleapis.com/region":"us-south1"},"metadata":{"@type":"type.googleapis.com/google.firestore.admin.v1.LocationMetadata"},"locationId":"us-south1","displayName":"Dallas"},{"name":"projects/uno-panel/locations/us-west1","labels":{"appengine.googleapis.com/region":"us-west1","cloud.googleapis.com/location":"us-west1","cloud.googleapis.com/region":"us-west1"},"metadata":{"@type":"type.googleapis.com/google.firestore.admin.v1.LocationMetadata"},"locationId":"us-west1","displayName":"Oregon"},{"name":"projects/uno-panel/locations/us-west2","labels":{"appengine.googleapis.com/region":"us-west2","cloud.googleapis.com/location":"us-west2","cloud.googleapis.com/region":"us-west2"},"metadata":{"@type":"type.googleapis.com/google.firestore.admin.v1.LocationMetadata"},"locationId":"us-west2","displayName":"Los Angeles"},{"name":"projects/uno-panel/locations/us-west3","labels":{"appengine.googleapis.com/region":"us-west3","cloud.googleapis.com/location":"us-west3","cloud.googleapis.com/region":"us-west3"},"metadata":{"@type":"type.googleapis.com/google.firestore.admin.v1.LocationMetadata"},"locationId":"us-west3","displayName":"Salt Lake City"},{"name":"projects/uno-panel/locations/us-west4","labels":{"appengine.googleapis.com/region":"us-west4","cloud.googleapis.com/location":"us-west4","cloud.googleapis.com/region":"us-west4"},"metadata":{"@type":"type.googleapis.com/google.firestore.admin.v1.LocationMetadata"},"locationId":"us-west4","displayName":"Las Vegas"}]}
[info] 
[info] Firestore Security Rules allow you to define how and when to allow
[info] requests. You can keep these rules in your project directory
[info] and publish them with firebase deploy.
[info] 
[debug] [2026-04-27T04:03:28.625Z] Checked if tokens are valid: true, expires at: 1777265836876
[debug] [2026-04-27T04:03:28.625Z] Checked if tokens are valid: true, expires at: 1777265836876
[debug] [2026-04-27T04:03:28.625Z] >>> [apiv2][query] GET https://firebaserules.googleapis.com/v1/projects/uno-panel/releases pageSize=10&pageToken=
[debug] [2026-04-27T04:03:28.880Z] <<< [apiv2][status] GET https://firebaserules.googleapis.com/v1/projects/uno-panel/releases 200
[debug] [2026-04-27T04:03:28.880Z] <<< [apiv2][body] GET https://firebaserules.googleapis.com/v1/projects/uno-panel/releases {}
[info] i  firestore.rules is unchanged 
[info] 
[info] Firestore indexes allow you to perform complex queries while
[info] maintaining performance that scales with the size of the result
[info] set. You can keep index definitions in your project directory
[info] and publish them with firebase deploy.
[info] 
[debug] [2026-04-27T04:03:29.417Z] Checked if tokens are valid: true, expires at: 1777265836876
[debug] [2026-04-27T04:03:29.417Z] Checked if tokens are valid: true, expires at: 1777265836876
[debug] [2026-04-27T04:03:29.417Z] Checked if tokens are valid: true, expires at: 1777265836876
[debug] [2026-04-27T04:03:29.417Z] Checked if tokens are valid: true, expires at: 1777265836876
[debug] [2026-04-27T04:03:29.417Z] >>> [apiv2][query] GET https://firestore.googleapis.com/v1/projects/uno-panel/databases/(default)/collectionGroups/-/indexes [none]
[debug] [2026-04-27T04:03:29.417Z] >>> [apiv2][query] GET https://firestore.googleapis.com/v1/projects/uno-panel/databases/(default)/collectionGroups/-/fields?filter=indexConfig.usesAncestorConfig=false OR ttlConfig:* [none]
[debug] [2026-04-27T04:03:29.657Z] <<< [apiv2][status] GET https://firestore.googleapis.com/v1/projects/uno-panel/databases/(default)/collectionGroups/-/indexes 404
[debug] [2026-04-27T04:03:29.657Z] <<< [apiv2][body] GET https://firestore.googleapis.com/v1/projects/uno-panel/databases/(default)/collectionGroups/-/indexes {"error":{"code":404,"message":"Project 'uno-panel' or database '(default)' does not exist.","status":"NOT_FOUND"}}
[info] i  firestore.indexes.json is unchanged 
[info] 
=== Functions Setup
[debug] [2026-04-27T04:03:29.658Z] > command requires scopes: ["email","openid","https://www.googleapis.com/auth/cloudplatformprojects.readonly","https://www.googleapis.com/auth/firebase","https://www.googleapis.com/auth/cloud-platform"]
[debug] [2026-04-27T04:03:29.658Z] > authorizing via signed-in user (mbustamante.mbc@gmail.com)
[debug] [2026-04-27T04:03:29.658Z] [iam] checking project uno-panel for permissions ["firebase.projects.get"]
[debug] [2026-04-27T04:03:29.659Z] Checked if tokens are valid: true, expires at: 1777265836876
[debug] [2026-04-27T04:03:29.659Z] Checked if tokens are valid: true, expires at: 1777265836876
[debug] [2026-04-27T04:03:29.659Z] >>> [apiv2][query] POST https://cloudresourcemanager.googleapis.com/v1/projects/uno-panel:testIamPermissions [none]
[debug] [2026-04-27T04:03:29.659Z] >>> [apiv2][(partial)header] POST https://cloudresourcemanager.googleapis.com/v1/projects/uno-panel:testIamPermissions  x-goog-user-project=uno-panel
[debug] [2026-04-27T04:03:29.659Z] >>> [apiv2][body] POST https://cloudresourcemanager.googleapis.com/v1/projects/uno-panel:testIamPermissions {"permissions":["firebase.projects.get"]}
[debug] [2026-04-27T04:03:29.789Z] <<< [apiv2][status] GET https://firestore.googleapis.com/v1/projects/uno-panel/databases/(default)/collectionGroups/-/fields?filter=indexConfig.usesAncestorConfig=false OR ttlConfig:* 404
[debug] [2026-04-27T04:03:29.789Z] <<< [apiv2][body] GET https://firestore.googleapis.com/v1/projects/uno-panel/databases/(default)/collectionGroups/-/fields?filter=indexConfig.usesAncestorConfig=false OR ttlConfig:* {"error":{"code":404,"message":"Project 'uno-panel' or database '(default)' does not exist.","status":"NOT_FOUND"}}
[debug] [2026-04-27T04:03:29.904Z] <<< [apiv2][status] POST https://cloudresourcemanager.googleapis.com/v1/projects/uno-panel:testIamPermissions 200
[debug] [2026-04-27T04:03:29.904Z] <<< [apiv2][body] POST https://cloudresourcemanager.googleapis.com/v1/projects/uno-panel:testIamPermissions {"permissions":["firebase.projects.get"]}
[info] Let's create a new codebase for your functions.
[info] A directory corresponding to the codebase will be created in your project
[info] with sample code pre-configured.

[info] See https://firebase.google.com/docs/functions/organize-functions for
[info] more information on organizing your functions using codebases.

[info] Functions can be deployed with firebase deploy.

[info] i  functions/.eslintrc.js is unchanged 
[info] i  functions/package.json is unchanged 
[info] i  functions/index.js is unchanged 
[info] i  functions/.gitignore is unchanged 
[info] 
=== Hosting Setup
[info] 
[info] 
=== App Hosting Setup
[debug] [2026-04-27T04:03:36.442Z] Checked if tokens are valid: true, expires at: 1777265836876
[debug] [2026-04-27T04:03:36.442Z] Checked if tokens are valid: true, expires at: 1777265836876
[debug] [2026-04-27T04:03:36.442Z] >>> [apiv2][query] GET https://cloudbilling.googleapis.com/v1/projects/uno-panel/billingInfo [none]
[debug] [2026-04-27T04:03:36.827Z] <<< [apiv2][status] GET https://cloudbilling.googleapis.com/v1/projects/uno-panel/billingInfo 200
[debug] [2026-04-27T04:03:36.827Z] <<< [apiv2][body] GET https://cloudbilling.googleapis.com/v1/projects/uno-panel/billingInfo {"name":"projects/uno-panel/billingInfo","projectId":"uno-panel","billingAccountName":"billingAccounts/01C399-3A5933-681800","billingEnabled":true}
[debug] [2026-04-27T04:03:36.828Z] Checked if tokens are valid: true, expires at: 1777265836876
[debug] [2026-04-27T04:03:36.828Z] Checked if tokens are valid: true, expires at: 1777265836876
[debug] [2026-04-27T04:03:36.828Z] >>> [apiv2][query] GET https://serviceusage.googleapis.com/v1/projects/uno-panel/services/firebaseapphosting.googleapis.com [none]
[debug] [2026-04-27T04:03:36.828Z] >>> [apiv2][(partial)header] GET https://serviceusage.googleapis.com/v1/projects/uno-panel/services/firebaseapphosting.googleapis.com  x-goog-user-project=uno-panel
[debug] [2026-04-27T04:03:37.298Z] <<< [apiv2][status] GET https://serviceusage.googleapis.com/v1/projects/uno-panel/services/firebaseapphosting.googleapis.com 200
[debug] [2026-04-27T04:03:37.298Z] <<< [apiv2][body] GET https://serviceusage.googleapis.com/v1/projects/uno-panel/services/firebaseapphosting.googleapis.com [omitted]
[debug] [2026-04-27T04:03:37.298Z] Checked if tokens are valid: true, expires at: 1777265836876
[debug] [2026-04-27T04:03:37.298Z] Checked if tokens are valid: true, expires at: 1777265836876
[debug] [2026-04-27T04:03:37.298Z] >>> [apiv2][query] POST https://serviceusage.googleapis.com/v1/projects/uno-panel/services/firebaseapphosting.googleapis.com:enable [none]
[debug] [2026-04-27T04:03:37.298Z] >>> [apiv2][(partial)header] POST https://serviceusage.googleapis.com/v1/projects/uno-panel/services/firebaseapphosting.googleapis.com:enable  x-goog-user-project=uno-panel
[debug] [2026-04-27T04:03:37.853Z] <<< [apiv2][status] POST https://serviceusage.googleapis.com/v1/projects/uno-panel/services/firebaseapphosting.googleapis.com:enable 200
[debug] [2026-04-27T04:03:37.854Z] <<< [apiv2][body] POST https://serviceusage.googleapis.com/v1/projects/uno-panel/services/firebaseapphosting.googleapis.com:enable [omitted]
[debug] [2026-04-27T04:03:47.861Z] Checked if tokens are valid: true, expires at: 1777265836876
[debug] [2026-04-27T04:03:47.861Z] Checked if tokens are valid: true, expires at: 1777265836876
[debug] [2026-04-27T04:03:47.862Z] Checked if tokens are valid: true, expires at: 1777265836876
[debug] [2026-04-27T04:03:47.862Z] Checked if tokens are valid: true, expires at: 1777265836876
[debug] [2026-04-27T04:03:47.862Z] Checked if tokens are valid: true, expires at: 1777265836876
[debug] [2026-04-27T04:03:47.862Z] Checked if tokens are valid: true, expires at: 1777265836876
[debug] [2026-04-27T04:03:47.862Z] Checked if tokens are valid: true, expires at: 1777265836876
[debug] [2026-04-27T04:03:47.862Z] Checked if tokens are valid: true, expires at: 1777265836876
[debug] [2026-04-27T04:03:47.862Z] Checked if tokens are valid: true, expires at: 1777265836876
[debug] [2026-04-27T04:03:47.862Z] Checked if tokens are valid: true, expires at: 1777265836876
[debug] [2026-04-27T04:03:47.862Z] Checked if tokens are valid: true, expires at: 1777265836876
[debug] [2026-04-27T04:03:47.862Z] Checked if tokens are valid: true, expires at: 1777265836876
[debug] [2026-04-27T04:03:47.862Z] >>> [apiv2][query] GET https://serviceusage.googleapis.com/v1/projects/uno-panel/services/developerconnect.googleapis.com [none]
[debug] [2026-04-27T04:03:47.862Z] >>> [apiv2][(partial)header] GET https://serviceusage.googleapis.com/v1/projects/uno-panel/services/developerconnect.googleapis.com  x-goog-user-project=uno-panel
[debug] [2026-04-27T04:03:47.863Z] >>> [apiv2][query] GET https://serviceusage.googleapis.com/v1/projects/uno-panel/services/cloudbuild.googleapis.com [none]
[debug] [2026-04-27T04:03:47.863Z] >>> [apiv2][(partial)header] GET https://serviceusage.googleapis.com/v1/projects/uno-panel/services/cloudbuild.googleapis.com  x-goog-user-project=uno-panel
[debug] [2026-04-27T04:03:47.864Z] >>> [apiv2][query] GET https://serviceusage.googleapis.com/v1/projects/uno-panel/services/secretmanager.googleapis.com [none]
[debug] [2026-04-27T04:03:47.865Z] >>> [apiv2][(partial)header] GET https://serviceusage.googleapis.com/v1/projects/uno-panel/services/secretmanager.googleapis.com  x-goog-user-project=uno-panel
[debug] [2026-04-27T04:03:47.865Z] >>> [apiv2][query] GET https://serviceusage.googleapis.com/v1/projects/uno-panel/services/run.googleapis.com [none]
[debug] [2026-04-27T04:03:47.866Z] >>> [apiv2][(partial)header] GET https://serviceusage.googleapis.com/v1/projects/uno-panel/services/run.googleapis.com  x-goog-user-project=uno-panel
[debug] [2026-04-27T04:03:47.866Z] >>> [apiv2][query] GET https://serviceusage.googleapis.com/v1/projects/uno-panel/services/artifactregistry.googleapis.com [none]
[debug] [2026-04-27T04:03:47.866Z] >>> [apiv2][(partial)header] GET https://serviceusage.googleapis.com/v1/projects/uno-panel/services/artifactregistry.googleapis.com  x-goog-user-project=uno-panel
[debug] [2026-04-27T04:03:47.866Z] >>> [apiv2][query] GET https://serviceusage.googleapis.com/v1/projects/uno-panel/services/iam.googleapis.com [none]
[debug] [2026-04-27T04:03:47.866Z] >>> [apiv2][(partial)header] GET https://serviceusage.googleapis.com/v1/projects/uno-panel/services/iam.googleapis.com  x-goog-user-project=uno-panel
[debug] [2026-04-27T04:03:48.228Z] <<< [apiv2][status] GET https://serviceusage.googleapis.com/v1/projects/uno-panel/services/secretmanager.googleapis.com 200
[debug] [2026-04-27T04:03:48.228Z] <<< [apiv2][body] GET https://serviceusage.googleapis.com/v1/projects/uno-panel/services/secretmanager.googleapis.com [omitted]
[debug] [2026-04-27T04:03:48.235Z] <<< [apiv2][status] GET https://serviceusage.googleapis.com/v1/projects/uno-panel/services/developerconnect.googleapis.com 200
[debug] [2026-04-27T04:03:48.235Z] <<< [apiv2][body] GET https://serviceusage.googleapis.com/v1/projects/uno-panel/services/developerconnect.googleapis.com [omitted]
[debug] [2026-04-27T04:03:48.235Z] Checked if tokens are valid: true, expires at: 1777265836876
[debug] [2026-04-27T04:03:48.235Z] Checked if tokens are valid: true, expires at: 1777265836876
[debug] [2026-04-27T04:03:48.235Z] >>> [apiv2][query] POST https://serviceusage.googleapis.com/v1/projects/uno-panel/services/developerconnect.googleapis.com:enable [none]
[debug] [2026-04-27T04:03:48.235Z] >>> [apiv2][(partial)header] POST https://serviceusage.googleapis.com/v1/projects/uno-panel/services/developerconnect.googleapis.com:enable  x-goog-user-project=uno-panel
[debug] [2026-04-27T04:03:48.235Z] <<< [apiv2][status] GET https://serviceusage.googleapis.com/v1/projects/uno-panel/services/iam.googleapis.com 200
[debug] [2026-04-27T04:03:48.235Z] <<< [apiv2][body] GET https://serviceusage.googleapis.com/v1/projects/uno-panel/services/iam.googleapis.com [omitted]
[debug] [2026-04-27T04:03:48.243Z] <<< [apiv2][status] GET https://serviceusage.googleapis.com/v1/projects/uno-panel/services/cloudbuild.googleapis.com 200
[debug] [2026-04-27T04:03:48.243Z] <<< [apiv2][body] GET https://serviceusage.googleapis.com/v1/projects/uno-panel/services/cloudbuild.googleapis.com [omitted]
[debug] [2026-04-27T04:03:48.250Z] <<< [apiv2][status] GET https://serviceusage.googleapis.com/v1/projects/uno-panel/services/artifactregistry.googleapis.com 200
[debug] [2026-04-27T04:03:48.250Z] <<< [apiv2][body] GET https://serviceusage.googleapis.com/v1/projects/uno-panel/services/artifactregistry.googleapis.com [omitted]
[debug] [2026-04-27T04:03:48.256Z] <<< [apiv2][status] GET https://serviceusage.googleapis.com/v1/projects/uno-panel/services/run.googleapis.com 200
[debug] [2026-04-27T04:03:48.256Z] <<< [apiv2][body] GET https://serviceusage.googleapis.com/v1/projects/uno-panel/services/run.googleapis.com [omitted]
[debug] [2026-04-27T04:03:48.975Z] <<< [apiv2][status] POST https://serviceusage.googleapis.com/v1/projects/uno-panel/services/developerconnect.googleapis.com:enable 200
[debug] [2026-04-27T04:03:48.976Z] <<< [apiv2][body] POST https://serviceusage.googleapis.com/v1/projects/uno-panel/services/developerconnect.googleapis.com:enable [omitted]
[debug] [2026-04-27T04:03:58.999Z] Checked if tokens are valid: true, expires at: 1777265836876
[debug] [2026-04-27T04:03:58.999Z] Checked if tokens are valid: true, expires at: 1777265836876
[debug] [2026-04-27T04:03:58.999Z] >>> [apiv2][query] POST https://iam.googleapis.com/v1/projects/uno-panel/serviceAccounts/firebase-app-hosting-compute@uno-panel.iam.gserviceaccount.com:testIamPermissions [none]
[debug] [2026-04-27T04:03:58.999Z] >>> [apiv2][(partial)header] POST https://iam.googleapis.com/v1/projects/uno-panel/serviceAccounts/firebase-app-hosting-compute@uno-panel.iam.gserviceaccount.com:testIamPermissions  x-goog-user-project=uno-panel
[debug] [2026-04-27T04:03:58.999Z] >>> [apiv2][body] POST https://iam.googleapis.com/v1/projects/uno-panel/serviceAccounts/firebase-app-hosting-compute@uno-panel.iam.gserviceaccount.com:testIamPermissions {"permissions":["iam.serviceAccounts.actAs"]}
[debug] [2026-04-27T04:03:59.499Z] <<< [apiv2][status] POST https://iam.googleapis.com/v1/projects/uno-panel/serviceAccounts/firebase-app-hosting-compute@uno-panel.iam.gserviceaccount.com:testIamPermissions 404
[debug] [2026-04-27T04:03:59.499Z] <<< [apiv2][body] POST https://iam.googleapis.com/v1/projects/uno-panel/serviceAccounts/firebase-app-hosting-compute@uno-panel.iam.gserviceaccount.com:testIamPermissions {"error":{"code":404,"message":"Unknown service account","status":"NOT_FOUND"}}
[debug] [2026-04-27T04:03:59.500Z] Checked if tokens are valid: true, expires at: 1777265836876
[debug] [2026-04-27T04:03:59.500Z] Checked if tokens are valid: true, expires at: 1777265836876
[debug] [2026-04-27T04:03:59.500Z] >>> [apiv2][query] POST https://iam.googleapis.com/v1/projects/uno-panel/serviceAccounts [none]
[debug] [2026-04-27T04:03:59.500Z] >>> [apiv2][body] POST https://iam.googleapis.com/v1/projects/uno-panel/serviceAccounts {"accountId":"firebase-app-hosting-compute","serviceAccount":{"displayName":"Firebase App Hosting compute service account","description":"Default service account used to run builds and deploys for Firebase App Hosting"}}
[debug] [2026-04-27T04:04:00.248Z] <<< [apiv2][status] POST https://iam.googleapis.com/v1/projects/uno-panel/serviceAccounts 200
[debug] [2026-04-27T04:04:00.248Z] <<< [apiv2][body] POST https://iam.googleapis.com/v1/projects/uno-panel/serviceAccounts [omitted]
[debug] [2026-04-27T04:04:00.249Z] Checked if tokens are valid: true, expires at: 1777265836876
[debug] [2026-04-27T04:04:00.249Z] Checked if tokens are valid: true, expires at: 1777265836876
[debug] [2026-04-27T04:04:00.249Z] >>> [apiv2][query] POST https://cloudresourcemanager.googleapis.com/v1/projects/uno-panel:getIamPolicy [none]
[debug] [2026-04-27T04:04:00.467Z] <<< [apiv2][status] POST https://cloudresourcemanager.googleapis.com/v1/projects/uno-panel:getIamPolicy 200
[debug] [2026-04-27T04:04:00.467Z] <<< [apiv2][body] POST https://cloudresourcemanager.googleapis.com/v1/projects/uno-panel:getIamPolicy {"version":1,"etag":"BwZQaTNTjcY=","bindings":[{"role":"roles/cloudbuild.builds.builder","members":["serviceAccount:573624273258@cloudbuild.gserviceaccount.com"]},{"role":"roles/cloudbuild.serviceAgent","members":["serviceAccount:service-573624273258@gcp-sa-cloudbuild.iam.gserviceaccount.com"]},{"role":"roles/cloudfunctions.serviceAgent","members":["serviceAccount:service-573624273258@gcf-admin-robot.iam.gserviceaccount.com"]},{"role":"roles/containerregistry.ServiceAgent","members":["serviceAccount:service-573624273258@containerregistry.iam.gserviceaccount.com"]},{"role":"roles/editor","members":["serviceAccount:uno-panel@appspot.gserviceaccount.com","serviceAccount:573624273258-compute@developer.gserviceaccount.com"]},{"role":"roles/firebase.managementServiceAgent","members":["serviceAccount:service-573624273258@gcp-sa-firebase.iam.gserviceaccount.com"]},{"role":"roles/firebase.sdkAdminServiceAgent","members":["serviceAccount:firebase-adminsdk-fbsvc@uno-panel.iam.gserviceaccount.com"]},{"role":"roles/iam.serviceAccountTokenCreator","members":["serviceAccount:firebase-adminsdk-fbsvc@uno-panel.iam.gserviceaccount.com"]},{"role":"roles/owner","members":["user:mbustamante.mbc@gmail.com"]},{"role":"roles/run.serviceAgent","members":["serviceAccount:service-573624273258@serverless-robot-prod.iam.gserviceaccount.com"]}]}
[debug] [2026-04-27T04:04:00.467Z] Checked if tokens are valid: true, expires at: 1777265836876
[debug] [2026-04-27T04:04:00.467Z] Checked if tokens are valid: true, expires at: 1777265836876
[debug] [2026-04-27T04:04:00.467Z] >>> [apiv2][query] POST https://cloudresourcemanager.googleapis.com/v1/projects/uno-panel:setIamPolicy [none]
[debug] [2026-04-27T04:04:00.467Z] >>> [apiv2][body] POST https://cloudresourcemanager.googleapis.com/v1/projects/uno-panel:setIamPolicy {"policy":{"version":1,"etag":"BwZQaTNTjcY=","bindings":[{"role":"roles/cloudbuild.builds.builder","members":["serviceAccount:573624273258@cloudbuild.gserviceaccount.com"]},{"role":"roles/cloudbuild.serviceAgent","members":["serviceAccount:service-573624273258@gcp-sa-cloudbuild.iam.gserviceaccount.com"]},{"role":"roles/cloudfunctions.serviceAgent","members":["serviceAccount:service-573624273258@gcf-admin-robot.iam.gserviceaccount.com"]},{"role":"roles/containerregistry.ServiceAgent","members":["serviceAccount:service-573624273258@containerregistry.iam.gserviceaccount.com"]},{"role":"roles/editor","members":["serviceAccount:uno-panel@appspot.gserviceaccount.com","serviceAccount:573624273258-compute@developer.gserviceaccount.com"]},{"role":"roles/firebase.managementServiceAgent","members":["serviceAccount:service-573624273258@gcp-sa-firebase.iam.gserviceaccount.com"]},{"role":"roles/firebase.sdkAdminServiceAgent","members":["serviceAccount:firebase-adminsdk-fbsvc@uno-panel.iam.gserviceaccount.com","serviceAccount:firebase-app-hosting-compute@uno-panel.iam.gserviceaccount.com"]},{"role":"roles/iam.serviceAccountTokenCreator","members":["serviceAccount:firebase-adminsdk-fbsvc@uno-panel.iam.gserviceaccount.com"]},{"role":"roles/owner","members":["user:mbustamante.mbc@gmail.com"]},{"role":"roles/run.serviceAgent","members":["serviceAccount:service-573624273258@serverless-robot-prod.iam.gserviceaccount.com"]},{"role":"roles/firebaseapphosting.computeRunner","members":["serviceAccount:firebase-app-hosting-compute@uno-panel.iam.gserviceaccount.com"]},{"role":"roles/developerconnect.readTokenAccessor","members":["serviceAccount:firebase-app-hosting-compute@uno-panel.iam.gserviceaccount.com"]},{"role":"roles/storage.objectViewer","members":["serviceAccount:firebase-app-hosting-compute@uno-panel.iam.gserviceaccount.com"]}]},"updateMask":"bindings"}
[debug] [2026-04-27T04:04:01.113Z] <<< [apiv2][status] POST https://cloudresourcemanager.googleapis.com/v1/projects/uno-panel:setIamPolicy 400
[debug] [2026-04-27T04:04:01.113Z] <<< [apiv2][body] POST https://cloudresourcemanager.googleapis.com/v1/projects/uno-panel:setIamPolicy {"error":{"code":400,"message":"Service account firebase-app-hosting-compute@uno-panel.iam.gserviceaccount.com does not exist.","status":"INVALID_ARGUMENT"}}
[warn] !  Your App Hosting compute service account is still being provisioned in the background. If you encounter an error, please try again after a few moments. 
[info] i  This command links your local project to Firebase App Hosting. You will be able to deploy your web app with `firebase deploy` after setup. 
[debug] [2026-04-27T04:07:41.526Z] ExitPromptError: User force closed the prompt with SIGINT
    at Interface.sigint (C:\nvm\v24.14.1\node_modules\firebase-tools\node_modules\@inquirer\core\dist\commonjs\lib\create-prompt.js:101:37)
    at Interface.emit (node:events:508:28)
    at [_ttyWrite] [as _ttyWrite] (node:internal/readline/interface:1327:18)
    at ReadStream.onkeypress (node:internal/readline/interface:284:20)
    at ReadStream.emit (node:events:520:35)
    at emitKeys (node:internal/readline/utils:371:14)
    at emitKeys.next (<anonymous>)
    at ReadStream.onData (node:internal/readline/emitKeypressEvents:64:36)
    at ReadStream.emit (node:events:508:28)
    at addChunk (node:internal/streams/readable:563:12)
[error] 
[error] Error: An unexpected error has occurred.
